This file contains any messages produced by compilers while
running configure, to aid debugging if configure makes a mistake.

It was created by configure, which was
generated by GNU Autoconf 2.52.  Invocation command line was

  $ ./configure 

## ---------- ##
## Platform.  ##
## ---------- ##

hostname = NUIG
uname -m = x86_64
uname -r = 5.0.0-27-generic
uname -s = Linux
uname -v = #28~18.04.1-Ubuntu SMP Thu Aug 22 03:00:32 UTC 2019

/usr/bin/uname -p = unknown
/bin/uname -X     = unknown

/bin/arch              = unknown
/usr/bin/arch -k       = unknown
/usr/convex/getsysinfo = unknown
hostinfo               = unknown
/bin/machine           = unknown
/usr/bin/oslevel       = unknown
/bin/universe          = unknown

PATH = /usr/lib/pkgconfig/:/home/barry/anaconda3/bin:/usr/lib/pkgconfig:/home/barry/bin:/home/barry/anaconda3/condabin:/usr/lib/pkgconfig:/usr/local/sbin:/usr/local/bin:/usr/sbin:/usr/bin:/sbin:/bin:/usr/games:/usr/local/games:/snap/bin:/home/barry/Desktop/Owen:/home/barry/Desktop/Owen_Donohue/mirdeep2/mirdeep2-master/bin

## ------------ ##
## Core tests.  ##
## ------------ ##

configure:952: PATH=".;."; conftest.sh
./configure: 953: ./configure: conftest.sh: not found
configure:955: $? = 127
configure:1013: checking for gcc
configure:1028: found /usr/bin/gcc
configure:1036: result: gcc
configure:1264: checking for C compiler version
configure:1267: gcc --version </dev/null >&5
gcc (Ubuntu 7.4.0-1ubuntu1~18.04.1) 7.4.0
Copyright (C) 2017 Free Software Foundation, Inc.
This is free software; see the source for copying conditions.  There is NO
warranty; not even for MERCHANTABILITY or FITNESS FOR A PARTICULAR PURPOSE.

configure:1270: $? = 0
configure:1272: gcc -v </dev/null >&5
Using built-in specs.
COLLECT_GCC=gcc
COLLECT_LTO_WRAPPER=/usr/lib/gcc/x86_64-linux-gnu/7/lto-wrapper
OFFLOAD_TARGET_NAMES=nvptx-none
OFFLOAD_TARGET_DEFAULT=1
Target: x86_64-linux-gnu
Configured with: ../src/configure -v --with-pkgversion='Ubuntu 7.4.0-1ubuntu1~18.04.1' --with-bugurl=file:///usr/share/doc/gcc-7/README.Bugs --enable-languages=c,ada,c++,go,brig,d,fortran,objc,obj-c++ --prefix=/usr --with-gcc-major-version-only --program-suffix=-7 --program-prefix=x86_64-linux-gnu- --enable-shared --enable-linker-build-id --libexecdir=/usr/lib --without-included-gettext --enable-threads=posix --libdir=/usr/lib --enable-nls --with-sysroot=/ --enable-clocale=gnu --enable-libstdcxx-debug --enable-libstdcxx-time=yes --with-default-libstdcxx-abi=new --enable-gnu-unique-object --disable-vtable-verify --enable-libmpx --enable-plugin --enable-default-pie --with-system-zlib --with-target-system-zlib --enable-objc-gc=auto --enable-multiarch --disable-werror --with-arch-32=i686 --with-abi=m64 --with-multilib-list=m32,m64,mx32 --enable-multilib --with-tune=generic --enable-offload-targets=nvptx-none --without-cuda-driver --enable-checking=release --build=x86_64-linux-gnu --host=x86_64-linux-gnu --target=x86_64-linux-gnu
Thread model: posix
gcc version 7.4.0 (Ubuntu 7.4.0-1ubuntu1~18.04.1) 
configure:1275: $? = 0
configure:1277: gcc -V </dev/null >&5
gcc: error: unrecognized command line option '-V'
gcc: fatal error: no input files
compilation terminated.
configure:1280: $? = 1
configure:1300: checking for C compiler default output
configure:1303: gcc    conftest.c  >&5
configure:1306: $? = 0
configure:1335: result: a.out
configure:1340: checking whether the C compiler works
configure:1346: ./a.out
configure:1349: $? = 0
configure:1364: result: yes
configure:1371: checking whether we are cross compiling
configure:1373: result: no
configure:1376: checking for executable suffix
configure:1378: gcc -o conftest    conftest.c  >&5
configure:1381: $? = 0
configure:1403: result: 
configure:1409: checking for object suffix
configure:1427: gcc -c   conftest.c >&5
configure:1430: $? = 0
configure:1449: result: o
configure:1453: checking whether we are using the GNU C compiler
configure:1474: gcc -c   conftest.c >&5
configure:1477: $? = 0
configure:1480: test -s conftest.o
configure:1483: $? = 0
configure:1495: result: yes
configure:1501: checking whether gcc accepts -g
configure:1519: gcc -c -g  conftest.c >&5
configure:1522: $? = 0
configure:1525: test -s conftest.o
configure:1528: $? = 0
configure:1538: result: yes
configure:1565: gcc -c -g -O2  conftest.c >&5
conftest.c:2:3: error: unknown type name 'choke'
   choke me
   ^~~~~
conftest.c:2:3: error: expected '=', ',', ';', 'asm' or '__attribute__' at end of input
configure:1568: $? = 1
configure: failed program was:
#ifndef __cplusplus
  choke me
#endif
configure:1666: checking whether ln -s works
configure:1670: result: yes
configure:1715: checking for ranlib
configure:1730: found /usr/bin/ranlib
configure:1739: result: ranlib
configure:1767: checking whether your make is GNU make
configure:1775: result: yes, it is.
configure:1849: checking whether byte ordering is bigendian
configure:1874: gcc -c -g -O2  conftest.c >&5
configure:1877: $? = 0
configure:1880: test -s conftest.o
configure:1883: $? = 0
configure:1904: gcc -c -g -O2  conftest.c >&5
configure: In function 'main':
configure:1895:2: error: unknown type name 'not'; did you mean 'ino_t'?
 #if BYTE_ORDER != BIG_ENDIAN
  ^~~
  ino_t
configure:1895:10: error: expected '=', ',', ';', 'asm' or '__attribute__' before 'endian'
 #if BYTE_ORDER != BIG_ENDIAN
          ^~~~~~
configure:1907: $? = 1
configure: failed program was:
#line 1887 "configure"
#include "confdefs.h"
#include <sys/types.h>
#include <sys/param.h>

int
main ()
{
#if BYTE_ORDER != BIG_ENDIAN
 not big endian
#endif

  ;
  return 0;
}
configure:1971: result: no
configure:1984: checking for ntohs
configure:2021: gcc -o conftest -g -O2   conftest.c  >&5
configure:2024: $? = 0
configure:2027: test -s conftest
configure:2030: $? = 0
configure:2040: result: yes
configure:2113: checking for ntohl
configure:2150: gcc -o conftest -g -O2   conftest.c  >&5
configure:2153: $? = 0
configure:2156: test -s conftest
configure:2159: $? = 0
configure:2169: result: yes
configure:2242: checking for htons
configure:2279: gcc -o conftest -g -O2   conftest.c  >&5
configure:2282: $? = 0
configure:2285: test -s conftest
configure:2288: $? = 0
configure:2298: result: yes
configure:2371: checking for htonl
configure:2408: gcc -o conftest -g -O2   conftest.c  >&5
configure:2411: $? = 0
configure:2414: test -s conftest
configure:2417: $? = 0
configure:2427: result: yes
configure:2502: checking how to run the C preprocessor
configure:2528: gcc -E  conftest.c
configure:2534: $? = 0
configure:2561: gcc -E  conftest.c
configure:2558:10: fatal error: ac_nonexistent.h: No such file or directory
 #include "confdefs.h"
          ^~~~~~~~~~~~      
compilation terminated.
configure:2567: $? = 1
configure: failed program was:
#line 2557 "configure"
#include "confdefs.h"
#include <ac_nonexistent.h>
configure:2604: result: gcc -E
configure:2619: gcc -E  conftest.c
configure:2625: $? = 0
configure:2652: gcc -E  conftest.c
configure:2649:10: fatal error: ac_nonexistent.h: No such file or directory
 #include "confdefs.h"
          ^~~~~~~~~~~~      
compilation terminated.
configure:2658: $? = 1
configure: failed program was:
#line 2648 "configure"
#include "confdefs.h"
#include <ac_nonexistent.h>
configure:2697: checking for ANSI C header files
configure:2711: gcc -E  conftest.c
configure:2717: $? = 0
configure:2804: gcc -o conftest -g -O2   conftest.c  >&5
configure: In function 'main':
configure:2796:7: warning: implicit declaration of function 'exit' [-Wimplicit-function-declaration]
   for (i = 0; i < 256; i++)
       ^~~~
configure:2796:7: warning: incompatible implicit declaration of built-in function 'exit'
configure:2796:7: note: include '<stdlib.h>' or provide a declaration of 'exit'
configure:2797:3: warning: incompatible implicit declaration of built-in function 'exit'
     if (XOR (islower (i), ISLOWER (i))
   ^ ~~
configure:2797:3: note: include '<stdlib.h>' or provide a declaration of 'exit'
configure:2807: $? = 0
configure:2809: ./conftest
configure:2812: $? = 0
configure:2825: result: yes
configure:2841: checking for sys/types.h
configure:2853: gcc -c -g -O2  conftest.c >&5
configure:2856: $? = 0
configure:2859: test -s conftest.o
configure:2862: $? = 0
configure:2872: result: yes
configure:2841: checking for sys/stat.h
configure:2853: gcc -c -g -O2  conftest.c >&5
configure:2856: $? = 0
configure:2859: test -s conftest.o
configure:2862: $? = 0
configure:2872: result: yes
configure:2841: checking for stdlib.h
configure:2853: gcc -c -g -O2  conftest.c >&5
configure:2856: $? = 0
configure:2859: test -s conftest.o
configure:2862: $? = 0
configure:2872: result: yes
configure:2841: checking for string.h
configure:2853: gcc -c -g -O2  conftest.c >&5
configure:2856: $? = 0
configure:2859: test -s conftest.o
configure:2862: $? = 0
configure:2872: result: yes
configure:2841: checking for memory.h
configure:2853: gcc -c -g -O2  conftest.c >&5
configure:2856: $? = 0
configure:2859: test -s conftest.o
configure:2862: $? = 0
configure:2872: result: yes
configure:2841: checking for strings.h
configure:2853: gcc -c -g -O2  conftest.c >&5
configure:2856: $? = 0
configure:2859: test -s conftest.o
configure:2862: $? = 0
configure:2872: result: yes
configure:2841: checking for inttypes.h
configure:2853: gcc -c -g -O2  conftest.c >&5
configure:2856: $? = 0
configure:2859: test -s conftest.o
configure:2862: $? = 0
configure:2872: result: yes
configure:2841: checking for stdint.h
configure:2853: gcc -c -g -O2  conftest.c >&5
configure:2856: $? = 0
configure:2859: test -s conftest.o
configure:2862: $? = 0
configure:2872: result: yes
configure:2841: checking for unistd.h
configure:2853: gcc -c -g -O2  conftest.c >&5
configure:2856: $? = 0
configure:2859: test -s conftest.o
configure:2862: $? = 0
configure:2872: result: yes
configure:2882: checking for unsigned short
configure:2903: gcc -c -g -O2  conftest.c >&5
configure:2906: $? = 0
configure:2909: test -s conftest.o
configure:2912: $? = 0
configure:2922: result: yes
configure:2925: checking size of unsigned short
configure:3089: gcc -o conftest -g -O2   conftest.c  >&5
configure: In function 'main':
configure:3114:13: warning: format '%d' expects argument of type 'int', but argument 3 has type 'long unsigned int' [-Wformat=]
 echo "${ECHO_T}$ac_cv_sizeof_unsigned_short" >&6
             ^~~~
configure:3092: $? = 0
configure:3094: ./conftest
configure:3097: $? = 0
configure:3113: result: 2
configure:3119: checking for unsigned int
configure:3140: gcc -c -g -O2  conftest.c >&5
configure:3143: $? = 0
configure:3146: test -s conftest.o
configure:3149: $? = 0
configure:3159: result: yes
configure:3162: checking size of unsigned int
configure:3326: gcc -o conftest -g -O2   conftest.c  >&5
configure: In function 'main':
configure:3351:13: warning: format '%d' expects argument of type 'int', but argument 3 has type 'long unsigned int' [-Wformat=]
 echo "${ECHO_T}$ac_cv_sizeof_unsigned_int" >&6
             ^~~~
configure:3329: $? = 0
configure:3331: ./conftest
configure:3334: $? = 0
configure:3350: result: 4
configure:3356: checking for unsigned long
configure:3377: gcc -c -g -O2  conftest.c >&5
configure:3380: $? = 0
configure:3383: test -s conftest.o
configure:3386: $? = 0
configure:3396: result: yes
configure:3399: checking size of unsigned long
configure:3563: gcc -o conftest -g -O2   conftest.c  >&5
configure: In function 'main':
configure:3588:13: warning: format '%d' expects argument of type 'int', but argument 3 has type 'long unsigned int' [-Wformat=]
 echo "${ECHO_T}$ac_cv_sizeof_unsigned_long" >&6
             ^~~~
configure:3566: $? = 0
configure:3568: ./conftest
configure:3571: $? = 0
configure:3587: result: 8
configure:3593: checking for unsigned long long
configure:3614: gcc -c -g -O2  conftest.c >&5
configure:3617: $? = 0
configure:3620: test -s conftest.o
configure:3623: $? = 0
configure:3633: result: yes
configure:3636: checking size of unsigned long long
configure:3800: gcc -o conftest -g -O2   conftest.c  >&5
configure: In function 'main':
configure:3825:13: warning: format '%d' expects argument of type 'int', but argument 3 has type 'long unsigned int' [-Wformat=]
 echo "${ECHO_T}$ac_cv_sizeof_unsigned_long_long" >&6
             ^~~~
configure:3803: $? = 0
configure:3805: ./conftest
configure:3808: $? = 0
configure:3824: result: 8
configure:3833: checking for strtoul
configure:3870: gcc -o conftest -g -O2   conftest.c  >&5
configure:3873: $? = 0
configure:3876: test -s conftest
configure:3879: $? = 0
configure:3889: result: yes
configure:3833: checking for strtoull
configure:3870: gcc -o conftest -g -O2   conftest.c  >&5
configure:3873: $? = 0
configure:3876: test -s conftest
configure:3879: $? = 0
configure:3889: result: yes
configure:3940: checking whether fpos_t is an arithmetic datatype
configure:3956: gcc -c -g -O2  conftest.c >&5
configure: In function 'main':
configure:3949:40: error: invalid operands to binary == (have 'fpos_t {aka struct <anonymous>}' and 'fpos_t {aka struct <anonymous>}')
 {
                                        ^ 
configure:3949:50: error: incompatible types when assigning to type 'fpos_t {aka struct <anonymous>}' from type 'int'
 {
                                                  ^
configure:3959: $? = 1
configure: failed program was:
#line 3944 "configure"
#include "confdefs.h"
#include <stdio.h>
int
main ()
{
int main(void) { fpos_t f1, f2; if (f1 == f2) f1 = 0;}
  ;
  return 0;
}
configure:3977: result: no.
configure:3990: checking for strtoull
configure:4046: result: yes
configure:4059: checking for ftello
configure:4096: gcc -o conftest -g -O2   conftest.c  >&5
configure:4099: $? = 0
configure:4102: test -s conftest
configure:4105: $? = 0
configure:4115: result: yes
configure:4059: checking for fseeko
configure:4096: gcc -o conftest -g -O2   conftest.c  >&5
configure:4099: $? = 0
configure:4102: test -s conftest
configure:4105: $? = 0
configure:4115: result: yes
configure:4128: checking for ftello64
configure:4165: gcc -o conftest -g -O2   conftest.c  >&5
configure:4168: $? = 0
configure:4171: test -s conftest
configure:4174: $? = 0
configure:4184: result: yes
configure:4128: checking for fseeko64
configure:4165: gcc -o conftest -g -O2   conftest.c  >&5
configure:4168: $? = 0
configure:4171: test -s conftest
configure:4174: $? = 0
configure:4184: result: yes
configure:4197: checking for ftell64
configure:4234: gcc -o conftest -g -O2   conftest.c  >&5
/tmp/ccmnHzH3.o: In function `main':
/home/barry/Desktop/Owen_Donohue/mirdeep2/mirdeep2-master/essentials/squid-1.9g/configure:4225: undefined reference to `ftell64'
collect2: error: ld returned 1 exit status
configure:4237: $? = 1
configure: failed program was:
#line 4203 "configure"
#include "confdefs.h"
/* System header to define __stub macros and hopefully few prototypes,
    which can conflict with char ftell64 (); below.  */
#include <assert.h>
/* Override any gcc2 internal prototype to avoid an error.  */
#ifdef __cplusplus
extern "C"
#endif
/* We use char because int might match the return type of a gcc2
   builtin and then its argument prototype would still apply.  */
char ftell64 ();
char (*f) ();

int
main ()
{
/* The GNU C library defines this for functions which it implements
    to always fail with ENOSYS.  Some functions are actually named
    something starting with __ and the normal name is an alias.  */
#if defined (__stub_ftell64) || defined (__stub___ftell64)
choke me
#else
f = ftell64;
#endif

  ;
  return 0;
}
configure:4253: result: no
configure:4197: checking for fseek64
configure:4234: gcc -o conftest -g -O2   conftest.c  >&5
/tmp/ccq5s1e6.o: In function `main':
/home/barry/Desktop/Owen_Donohue/mirdeep2/mirdeep2-master/essentials/squid-1.9g/configure:4225: undefined reference to `fseek64'
collect2: error: ld returned 1 exit status
configure:4237: $? = 1
configure: failed program was:
#line 4203 "configure"
#include "confdefs.h"
/* System header to define __stub macros and hopefully few prototypes,
    which can conflict with char fseek64 (); below.  */
#include <assert.h>
/* Override any gcc2 internal prototype to avoid an error.  */
#ifdef __cplusplus
extern "C"
#endif
/* We use char because int might match the return type of a gcc2
   builtin and then its argument prototype would still apply.  */
char fseek64 ();
char (*f) ();

int
main ()
{
/* The GNU C library defines this for functions which it implements
    to always fail with ENOSYS.  Some functions are actually named
    something starting with __ and the normal name is an alias.  */
#if defined (__stub_fseek64) || defined (__stub___fseek64)
choke me
#else
f = fseek64;
#endif

  ;
  return 0;
}
configure:4253: result: no
configure:4263: checking for stat64
configure:4300: gcc -o conftest -g -O2   conftest.c  >&5
configure:4303: $? = 0
configure:4306: test -s conftest
configure:4309: $? = 0
configure:4319: result: yes
configure:4322: checking for struct stat64
configure:4340: gcc -c -g -O2  conftest.c >&5
configure: In function 'main':
configure:4333:32: error: storage size of 's1' isn't known
 {
                                ^ 
configure:4343: $? = 1
configure: failed program was:
#line 4326 "configure"
#include "confdefs.h"
#include <sys/types.h>
                    #include <sys/stat.h>
                    #include <unistd.h>
int
main ()
{
int main(void) { struct stat64 s1;}
  ;
  return 0;
}
configure:4361: result: no!
configure:4366: checking for off_t
configure:4387: gcc -c -g -O2  conftest.c >&5
configure:4390: $? = 0
configure:4393: test -s conftest.o
configure:4396: $? = 0
configure:4406: result: yes
configure:4409: checking size of off_t
configure:4573: gcc -o conftest -g -O2   conftest.c  >&5
configure: In function 'main':
configure:4598:13: warning: format '%d' expects argument of type 'int', but argument 3 has type 'long unsigned int' [-Wformat=]
 echo "${ECHO_T}$ac_cv_sizeof_off_t" >&6
             ^~~~
configure:4576: $? = 0
configure:4578: ./conftest
configure:4581: $? = 0
configure:4597: result: 8
configure:4603: checking for off64_t
configure:4624: gcc -c -g -O2  conftest.c >&5
configure: In function 'main':
configure:4647:6: error: 'off64_t' undeclared (first use in this function); did you mean 'off_t'?
 echo $ECHO_N "checking size of off64_t... $ECHO_C" >&6
      ^~~~~~~
      off_t
configure:4647:6: note: each undeclared identifier is reported only once for each function it appears in
configure:4647:15: error: expected expression before ')' token
 echo $ECHO_N "checking size of off64_t... $ECHO_C" >&6
               ^
configure:4627: $? = 1
configure: failed program was:
#line 4609 "configure"
#include "confdefs.h"
#include <stdio.h>
#if HAVE_SYS_TYPES_H
# include <sys/types.h>
#endif
#if HAVE_SYS_STAT_H
# include <sys/stat.h>
#endif
#if STDC_HEADERS
# include <stdlib.h>
# include <stddef.h>
#else
# if HAVE_STDLIB_H
#  include <stdlib.h>
# endif
#endif
#if HAVE_STRING_H
# if !STDC_HEADERS && HAVE_MEMORY_H
#  include <memory.h>
# endif
# include <string.h>
#endif
#if HAVE_STRINGS_H
# include <strings.h>
#endif
#if HAVE_INTTYPES_H
# include <inttypes.h>
#else
# if HAVE_STDINT_H
#  include <stdint.h>
# endif
#endif
#if HAVE_UNISTD_H
# include <unistd.h>
#endif
int
main ()
{
if ((off64_t *) 0)
  return 0;
if (sizeof (off64_t))
  return 0;
  ;
  return 0;
}
configure:4643: result: no
configure:4646: checking size of off64_t
configure:4834: result: 0
configure:4840: checking for fpos_t
configure:4861: gcc -c -g -O2  conftest.c >&5
configure:4864: $? = 0
configure:4867: test -s conftest.o
configure:4870: $? = 0
configure:4880: result: yes
configure:4883: checking size of fpos_t
configure:5047: gcc -o conftest -g -O2   conftest.c  >&5
configure: In function 'main':
configure:5072:13: warning: format '%d' expects argument of type 'int', but argument 3 has type 'long unsigned int' [-Wformat=]
 echo "${ECHO_T}$ac_cv_sizeof_fpos_t" >&6
             ^~~~
configure:5050: $? = 0
configure:5052: ./conftest
configure:5055: $? = 0
configure:5071: result: 16
configure:5161: creating ./config.status

## ----------------------- ##
## Running config.status.  ##
## ----------------------- ##

This file was extended by config.status 2.52, executed with
  CONFIG_FILES    = 
  CONFIG_HEADERS  = 
  CONFIG_LINKS    = 
  CONFIG_COMMANDS = 
  > ./config.status 
on NUIG

config.status:5601: creating Makefile
config.status:5601: creating Testsuite/Makefile
config.status:5601: creating squid.h
config.status:5692: creating squidconf.h

## ----------------- ##
## Cache variables.  ##
## ----------------- ##

ac_cv_c_bigendian='no'
ac_cv_c_compiler_gnu='yes'
ac_cv_env_CC_set=''
ac_cv_env_CC_value=''
ac_cv_env_CFLAGS_set=''
ac_cv_env_CFLAGS_value=''
ac_cv_env_CPPFLAGS_set=''
ac_cv_env_CPPFLAGS_value=''
ac_cv_env_CPP_set=''
ac_cv_env_CPP_value=''
ac_cv_env_LDFLAGS_set=''
ac_cv_env_LDFLAGS_value=''
ac_cv_env_build_alias_set=''
ac_cv_env_build_alias_value=''
ac_cv_env_host_alias_set=''
ac_cv_env_host_alias_value=''
ac_cv_env_target_alias_set=''
ac_cv_env_target_alias_value=''
ac_cv_func_fseek64='no'
ac_cv_func_fseeko='yes'
ac_cv_func_fseeko64='yes'
ac_cv_func_ftell64='no'
ac_cv_func_ftello='yes'
ac_cv_func_ftello64='yes'
ac_cv_func_htonl='yes'
ac_cv_func_htons='yes'
ac_cv_func_ntohl='yes'
ac_cv_func_ntohs='yes'
ac_cv_func_stat64='yes'
ac_cv_func_strtoul='yes'
ac_cv_func_strtoull='yes'
ac_cv_header_inttypes_h='yes'
ac_cv_header_memory_h='yes'
ac_cv_header_stdc='yes'
ac_cv_header_stdint_h='yes'
ac_cv_header_stdlib_h='yes'
ac_cv_header_string_h='yes'
ac_cv_header_strings_h='yes'
ac_cv_header_sys_stat_h='yes'
ac_cv_header_sys_types_h='yes'
ac_cv_header_unistd_h='yes'
ac_cv_objext='o'
ac_cv_prog_CPP='gcc -E'
ac_cv_prog_ac_ct_CC='gcc'
ac_cv_prog_ac_ct_RANLIB='ranlib'
ac_cv_prog_cc_g='yes'
ac_cv_sizeof_fpos_t='16'
ac_cv_sizeof_off64_t='0'
ac_cv_sizeof_off_t='8'
ac_cv_sizeof_unsigned_int='4'
ac_cv_sizeof_unsigned_long='8'
ac_cv_sizeof_unsigned_long_long='8'
ac_cv_sizeof_unsigned_short='2'
ac_cv_type_fpos_t='yes'
ac_cv_type_off64_t='no'
ac_cv_type_off_t='yes'
ac_cv_type_unsigned_int='yes'
ac_cv_type_unsigned_long='yes'
ac_cv_type_unsigned_long_long='yes'
ac_cv_type_unsigned_short='yes'

## ------------ ##
## confdefs.h.  ##
## ------------ ##

#define HAVE_NTOHS 1
#define HAVE_NTOHL 1
#define HAVE_HTONS 1
#define HAVE_HTONL 1
#define STDC_HEADERS 1
#define HAVE_SYS_TYPES_H 1
#define HAVE_SYS_STAT_H 1
#define HAVE_STDLIB_H 1
#define HAVE_STRING_H 1
#define HAVE_MEMORY_H 1
#define HAVE_STRINGS_H 1
#define HAVE_INTTYPES_H 1
#define HAVE_STDINT_H 1
#define HAVE_UNISTD_H 1
#define SIZEOF_UNSIGNED_SHORT 2
#define SIZEOF_UNSIGNED_INT 4
#define SIZEOF_UNSIGNED_LONG 8
#define SIZEOF_UNSIGNED_LONG_LONG 8
#define HAVE_STRTOUL 1
#define HAVE_STRTOULL 1
#define HAVE_STRTOULL 1
#define HAVE_FTELLO 1
#define HAVE_FSEEKO 1
#define HAVE_FTELLO64 1
#define HAVE_FSEEKO64 1
#define SIZEOF_OFF_T 8
#define SIZEOF_OFF64_T 0
#define SIZEOF_FPOS_T 16


configure: exit 0
